Arguments: 
  /Users/pedroreyes/.nvm/versions/node/v16.15.0/bin/node /usr/local/Cellar/yarn/1.22.17/libexec/bin/yarn.js

PATH: 
  /Users/pedroreyes/.rvm/gems/ruby-2.7.2/bin:/Users/pedroreyes/.rvm/gems/ruby-2.7.2@global/bin:/Users/pedroreyes/.rvm/rubies/ruby-2.7.2/bin:/Users/pedroreyes/.nvm/versions/node/v16.15.0/bin:/usr/local/bin:/usr/bin:/bin:/usr/sbin:/sbin:/usr/local/go/bin:/Library/Apple/usr/bin:/Users/pedroreyes/Library/Android/sdk/emulator:/Users/pedroreyes/Library/Android/sdk/tools:/Users/pedroreyes/Library/Android/sdk/tools/bin:/Users/pedroreyes/Library/Android/sdk/platform-tools:/usr/local/opt/fzf/bin:/Users/pedroreyes/.rvm/bin

Yarn version: 
  1.22.17

Node version: 
  16.15.0

Platform: 
  darwin x64

Trace: 
  Error: getaddrinfo ENOTFOUND registry.yarnpkg.com
      at GetAddrInfoReqWrap.onlookup [as oncomplete] (node:dns:71:26)

npm manifest: 
  {
    "name": "remix-template-vercel",
    "private": true,
    "description": "",
    "license": "",
    "sideEffects": false,
    "scripts": {
      "build": "remix build",
      "dev": "remix dev"
    },
    "dependencies": {
      "@remix-run/node": "^1.4.3",
      "@remix-run/react": "^1.4.3",
      "@remix-run/vercel": "^1.4.3",
      "@vercel/node": "^1.14.0",
      "react": "^17.0.2",
      "react-dom": "^17.0.2"
    },
    "devDependencies": {
      "@remix-run/dev": "^1.4.3",
      "@remix-run/eslint-config": "^1.4.3",
      "@remix-run/serve": "^1.4.3",
      "@types/react": "^17.0.24",
      "@types/react-dom": "^17.0.9",
      "eslint": "^8.11.0",
      "typescript": "^4.5.5"
    },
    "engines": {
      "node": ">=14"
    }
  }

yarn manifest: 
  No manifest

Lockfile: 
  No lockfile
